<?xml version="1.0" encoding="UTF-8"?>
<testsuite xmlns:xsi="http://www.w3.org/2001/XMLSchema-instance" xsi:noNamespaceSchemaLocation="https://maven.apache.org/surefire/maven-surefire-plugin/xsd/surefire-test-report.xsd" name="examples.ExamplesTest" time="2.701" tests="2" errors="0" skipped="0" failures="0">
  <properties>
[...]
</properties>
  <testcase name="[1:7] get all users and then get the first user by id" classname="[users] sample karate test script" time="0.878"/>
  <testcase name="[2:18] create a user and then get it by id" classname="[users] sample karate test script" time="0.522"/>
</testsuite>